# JRE version: Java(TM) SE Runtime Environment (7.0_76-b13) (build 1.7.0_76-b13)
# Java VM: Java HotSpot(TM) 64-Bit Server VM (24.76-b04 mixed mode linux-amd64 compressed oops)
Heap
 PSYoungGen      total 184320K, used 50151K [0x00000000eaa80000, 0x00000000f9000000, 0x0000000100000000)
  eden space 134144K, 0% used [0x00000000eaa80000,0x00000000eaa80000,0x00000000f2d80000)
  from space 50176K, 99% used [0x00000000f2e00000,0x00000000f5ef9c08,0x00000000f5f00000)
  to   space 40960K, 0% used [0x00000000f6800000,0x00000000f6800000,0x00000000f9000000)
 ParOldGen       total 140288K, used 98456K [0x00000000c0000000, 0x00000000c8900000, 0x00000000eaa80000)
  object space 140288K, 70% used [0x00000000c0000000,0x00000000c60260b8,0x00000000c8900000)
 PSPermGen       total 21504K, used 5524K [0x00000000bae00000, 0x00000000bc300000, 0x00000000c0000000)
  object space 21504K, 25% used [0x00000000bae00000,0x00000000bb365170,0x00000000bc300000)
GC Heap History (10 events):
Event: 15.741 GC heap after
Heap after GC invocations=4 (full 0):
 PSYoungGen      total 97792K, used 3563K [0x00000000eaa80000, 0x00000000f0d80000, 0x0000000100000000)
  eden space 94208K, 0% used [0x00000000eaa80000,0x00000000eaa80000,0x00000000f0680000)
  from space 3584K, 99% used [0x00000000f0a00000,0x00000000f0d7ac08,0x00000000f0d80000)
  to   space 3584K, 0% used [0x00000000f0680000,0x00000000f0680000,0x00000000f0a00000)
 ParOldGen       total 61440K, used 53390K [0x00000000c0000000, 0x00000000c3c00000, 0x00000000eaa80000)
  object space 61440K, 86% used [0x00000000c0000000,0x00000000c3423960,0x00000000c3c00000)
 PSPermGen       total 21504K, used 5479K [0x00000000bae00000, 0x00000000bc300000, 0x00000000c0000000)
  object space 21504K, 25% used [0x00000000bae00000,0x00000000bb359c28,0x00000000bc300000)
}
Event: 15.742 GC heap before
{Heap before GC invocations=5 (full 1):
 PSYoungGen      total 97792K, used 3563K [0x00000000eaa80000, 0x00000000f0d80000, 0x0000000100000000)
  eden space 94208K, 0% used [0x00000000eaa80000,0x00000000eaa80000,0x00000000f0680000)
  from space 3584K, 99% used [0x00000000f0a00000,0x00000000f0d7ac08,0x00000000f0d80000)
  to   space 3584K, 0% used [0x00000000f0680000,0x00000000f0680000,0x00000000f0a00000)
 ParOldGen       total 61440K, used 53390K [0x00000000c0000000, 0x00000000c3c00000, 0x00000000eaa80000)
  object space 61440K, 86% used [0x00000000c0000000,0x00000000c3423960,0x00000000c3c00000)
 PSPermGen       total 21504K, used 5479K [0x00000000bae00000, 0x00000000bc300000, 0x00000000c0000000)
  object space 21504K, 25% used [0x00000000bae00000,0x00000000bb359c28,0x00000000bc300000)
Event: 16.218 GC heap after
Heap after GC invocations=5 (full 1):
 PSYoungGen      total 97792K, used 0K [0x00000000eaa80000, 0x00000000f0d80000, 0x0000000100000000)
  eden space 94208K, 0% used [0x00000000eaa80000,0x00000000eaa80000,0x00000000f0680000)
  from space 3584K, 0% used [0x00000000f0a00000,0x00000000f0a00000,0x00000000f0d80000)
  to   space 3584K, 0% used [0x00000000f0680000,0x00000000f0680000,0x00000000f0a00000)
 ParOldGen       total 61952K, used 12130K [0x00000000c0000000, 0x00000000c3c80000, 0x00000000eaa80000)
  object space 61952K, 19% used [0x00000000c0000000,0x00000000c0bd8b30,0x00000000c3c80000)
 PSPermGen       total 21504K, used 5477K [0x00000000bae00000, 0x00000000bc300000, 0x00000000c0000000)
  object space 21504K, 25% used [0x00000000bae00000,0x00000000bb3594e0,0x00000000bc300000)
}
Event: 22.658 GC heap before
{Heap before GC invocations=6 (full 1):
 PSYoungGen      total 97792K, used 94208K [0x00000000eaa80000, 0x00000000f0d80000, 0x0000000100000000)
  eden space 94208K, 100% used [0x00000000eaa80000,0x00000000f0680000,0x00000000f0680000)
  from space 3584K, 0% used [0x00000000f0a00000,0x00000000f0a00000,0x00000000f0d80000)
  to   space 3584K, 0% used [0x00000000f0680000,0x00000000f0680000,0x00000000f0a00000)
 ParOldGen       total 61952K, used 12130K [0x00000000c0000000, 0x00000000c3c80000, 0x00000000eaa80000)
  object space 61952K, 19% used [0x00000000c0000000,0x00000000c0bd8b30,0x00000000c3c80000)
 PSPermGen       total 21504K, used 5504K [0x00000000bae00000, 0x00000000bc300000, 0x00000000c0000000)
  object space 21504K, 25% used [0x00000000bae00000,0x00000000bb3601d8,0x00000000bc300000)
Event: 22.744 GC heap after
Heap after GC invocations=6 (full 1):
 PSYoungGen      total 97792K, used 3567K [0x00000000eaa80000, 0x00000000f9000000, 0x0000000100000000)
  eden space 94208K, 0% used [0x00000000eaa80000,0x00000000eaa80000,0x00000000f0680000)
  from space 3584K, 99% used [0x00000000f0680000,0x00000000f09fbc20,0x00000000f0a00000)
  to   space 40960K, 0% used [0x00000000f6800000,0x00000000f6800000,0x00000000f9000000)
 ParOldGen       total 61952K, used 55203K [0x00000000c0000000, 0x00000000c3c80000, 0x00000000eaa80000)
  object space 61952K, 89% used [0x00000000c0000000,0x00000000c35e8d30,0x00000000c3c80000)
 PSPermGen       total 21504K, used 5504K [0x00000000bae00000, 0x00000000bc300000, 0x00000000c0000000)
  object space 21504K, 25% used [0x00000000bae00000,0x00000000bb3601d8,0x00000000bc300000)
}
Event: 22.744 GC heap before
{Heap before GC invocations=7 (full 2):
 PSYoungGen      total 97792K, used 3567K [0x00000000eaa80000, 0x00000000f9000000, 0x0000000100000000)
  eden space 94208K, 0% used [0x00000000eaa80000,0x00000000eaa80000,0x00000000f0680000)
  from space 3584K, 99% used [0x00000000f0680000,0x00000000f09fbc20,0x00000000f0a00000)
  to   space 40960K, 0% used [0x00000000f6800000,0x00000000f6800000,0x00000000f9000000)
 ParOldGen       total 61952K, used 55203K [0x00000000c0000000, 0x00000000c3c80000, 0x00000000eaa80000)
  object space 61952K, 89% used [0x00000000c0000000,0x00000000c35e8d30,0x00000000c3c80000)
 PSPermGen       total 21504K, used 5504K [0x00000000bae00000, 0x00000000bc300000, 0x00000000c0000000)
  object space 21504K, 25% used [0x00000000bae00000,0x00000000bb3601d8,0x00000000bc300000)
Event: 23.464 GC heap after
Heap after GC invocations=7 (full 2):
 PSYoungGen      total 97792K, used 0K [0x00000000eaa80000, 0x00000000f9000000, 0x0000000100000000)
  eden space 94208K, 0% used [0x00000000eaa80000,0x00000000eaa80000,0x00000000f0680000)
  from space 3584K, 0% used [0x00000000f0680000,0x00000000f0680000,0x00000000f0a00000)
  to   space 40960K, 0% used [0x00000000f6800000,0x00000000f6800000,0x00000000f9000000)
 ParOldGen       total 140288K, used 52778K [0x00000000c0000000, 0x00000000c8900000, 0x00000000eaa80000)
  object space 140288K, 37% used [0x00000000c0000000,0x00000000c338a818,0x00000000c8900000)
 PSPermGen       total 21504K, used 5504K [0x00000000bae00000, 0x00000000bc300000, 0x00000000c0000000)
  object space 21504K, 25% used [0x00000000bae00000,0x00000000bb360078,0x00000000bc300000)
}
Event: 27.672 GC heap before
{Heap before GC invocations=8 (full 2):
 PSYoungGen      total 97792K, used 94208K [0x00000000eaa80000, 0x00000000f9000000, 0x0000000100000000)
  eden space 94208K, 100% used [0x00000000eaa80000,0x00000000f0680000,0x00000000f0680000)
  from space 3584K, 0% used [0x00000000f0680000,0x00000000f0680000,0x00000000f0a00000)
  to   space 40960K, 0% used [0x00000000f6800000,0x00000000f6800000,0x00000000f9000000)
 ParOldGen       total 140288K, used 52778K [0x00000000c0000000, 0x00000000c8900000, 0x00000000eaa80000)
  object space 140288K, 37% used [0x00000000c0000000,0x00000000c338a818,0x00000000c8900000)
 PSPermGen       total 21504K, used 5523K [0x00000000bae00000, 0x00000000bc300000, 0x00000000c0000000)
  object space 21504K, 25% used [0x00000000bae00000,0x00000000bb364cf8,0x00000000bc300000)
Event: 27.892 GC heap after
Heap after GC invocations=8 (full 2):
 PSYoungGen      total 175104K, used 40932K [0x00000000eaa80000, 0x00000000f9000000, 0x0000000100000000)
  eden space 134144K, 0% used [0x00000000eaa80000,0x00000000eaa80000,0x00000000f2d80000)
  from space 40960K, 99% used [0x00000000f6800000,0x00000000f8ff90f0,0x00000000f9000000)
  to   space 50176K, 0% used [0x00000000f2e00000,0x00000000f2e00000,0x00000000f5f00000)
 ParOldGen       total 140288K, used 56576K [0x00000000c0000000, 0x00000000c8900000, 0x00000000eaa80000)
  object space 140288K, 40% used [0x00000000c0000000,0x00000000c37402b8,0x00000000c8900000)
 PSPermGen       total 21504K, used 5523K [0x00000000bae00000, 0x00000000bc300000, 0x00000000c0000000)
  object space 21504K, 25% used [0x00000000bae00000,0x00000000bb364cf8,0x00000000bc300000)
}
Event: 31.722 GC heap before
{Heap before GC invocations=9 (full 2):
 PSYoungGen      total 175104K, used 175076K [0x00000000eaa80000, 0x00000000f9000000, 0x0000000100000000)
  eden space 134144K, 100% used [0x00000000eaa80000,0x00000000f2d80000,0x00000000f2d80000)
  from space 40960K, 99% used [0x00000000f6800000,0x00000000f8ff90f0,0x00000000f9000000)
  to   space 50176K, 0% used [0x00000000f2e00000,0x00000000f2e00000,0x00000000f5f00000)
 ParOldGen       total 140288K, used 56576K [0x00000000c0000000, 0x00000000c8900000, 0x00000000eaa80000)
  object space 140288K, 40% used [0x00000000c0000000,0x00000000c37402b8,0x00000000c8900000)
 PSPermGen       total 21504K, used 5524K [0x00000000bae00000, 0x00000000bc300000, 0x00000000c0000000)
  object space 21504K, 25% used [0x00000000bae00000,0x00000000bb365170,0x00000000bc300000)

