# JRE version: Java(TM) SE Runtime Environment (8.0_25-b17) (build 1.8.0_25-b17)
# Java VM: Java HotSpot(TM) 64-Bit Server VM (25.25-b02 mixed mode linux-amd64 compressed oops)
Heap:
 PSYoungGen      total 311808K, used 10467K [0x00000000eab00000, 0x0000000100000000, 0x0000000100000000)
  eden space 274432K, 0% used [0x00000000eab00000,0x00000000eab00000,0x00000000fb700000)
  from space 37376K, 28% used [0x00000000fb700000,0x00000000fc138f88,0x00000000fdb80000)
  to   space 36352K, 0% used [0x00000000fdc80000,0x00000000fdc80000,0x0000000100000000)
 ParOldGen       total 93184K, used 92968K [0x00000000c0000000, 0x00000000c5b00000, 0x00000000eab00000)
  object space 93184K, 99% used [0x00000000c0000000,0x00000000c5aca278,0x00000000c5b00000)
 Metaspace       used 70752K, capacity 74480K, committed 74752K, reserved 1114112K
  class space    used 9181K, capacity 10450K, committed 10496K, reserved 1048576K
GC Heap History (10 events):
Event: 42.025 GC heap after
Heap after GC invocations=14 (full 2):
 PSYoungGen      total 275968K, used 20371K [0x00000000eab00000, 0x00000000fd580000, 0x0000000100000000)
  eden space 253952K, 0% used [0x00000000eab00000,0x00000000eab00000,0x00000000fa300000)
  from space 22016K, 92% used [0x00000000fbb00000,0x00000000fcee4c18,0x00000000fd080000)
  to   space 24576K, 0% used [0x00000000fa300000,0x00000000fa300000,0x00000000fbb00000)
 ParOldGen       total 91648K, used 48944K [0x00000000c0000000, 0x00000000c5980000, 0x00000000eab00000)
  object space 91648K, 53% used [0x00000000c0000000,0x00000000c2fcc288,0x00000000c5980000)
 Metaspace       used 52414K, capacity 54707K, committed 54784K, reserved 1095680K
  class space    used 7062K, capacity 7891K, committed 7936K, reserved 1048576K
}
Event: 42.025 GC heap before
{Heap before GC invocations=15 (full 3):
 PSYoungGen      total 275968K, used 20371K [0x00000000eab00000, 0x00000000fd580000, 0x0000000100000000)
  eden space 253952K, 0% used [0x00000000eab00000,0x00000000eab00000,0x00000000fa300000)
  from space 22016K, 92% used [0x00000000fbb00000,0x00000000fcee4c18,0x00000000fd080000)
  to   space 24576K, 0% used [0x00000000fa300000,0x00000000fa300000,0x00000000fbb00000)
 ParOldGen       total 91648K, used 48944K [0x00000000c0000000, 0x00000000c5980000, 0x00000000eab00000)
  object space 91648K, 53% used [0x00000000c0000000,0x00000000c2fcc288,0x00000000c5980000)
 Metaspace       used 52414K, capacity 54707K, committed 54784K, reserved 1095680K
  class space    used 7062K, capacity 7891K, committed 7936K, reserved 1048576K
Event: 42.593 GC heap after
Heap after GC invocations=15 (full 3):
 PSYoungGen      total 275968K, used 0K [0x00000000eab00000, 0x00000000fd580000, 0x0000000100000000)
  eden space 253952K, 0% used [0x00000000eab00000,0x00000000eab00000,0x00000000fa300000)
  from space 22016K, 0% used [0x00000000fbb00000,0x00000000fbb00000,0x00000000fd080000)
  to   space 24576K, 0% used [0x00000000fa300000,0x00000000fa300000,0x00000000fbb00000)
 ParOldGen       total 91648K, used 52775K [0x00000000c0000000, 0x00000000c5980000, 0x00000000eab00000)
  object space 91648K, 57% used [0x00000000c0000000,0x00000000c3389d30,0x00000000c5980000)
 Metaspace       used 52379K, capacity 54591K, committed 54784K, reserved 1095680K
  class space    used 7053K, capacity 7856K, committed 7936K, reserved 1048576K
}
Event: 135.677 GC heap before
{Heap before GC invocations=16 (full 3):
 PSYoungGen      total 275968K, used 253952K [0x00000000eab00000, 0x00000000fd580000, 0x0000000100000000)
  eden space 253952K, 100% used [0x00000000eab00000,0x00000000fa300000,0x00000000fa300000)
  from space 22016K, 0% used [0x00000000fbb00000,0x00000000fbb00000,0x00000000fd080000)
  to   space 24576K, 0% used [0x00000000fa300000,0x00000000fa300000,0x00000000fbb00000)
 ParOldGen       total 91648K, used 52775K [0x00000000c0000000, 0x00000000c5980000, 0x00000000eab00000)
  object space 91648K, 57% used [0x00000000c0000000,0x00000000c3389d30,0x00000000c5980000)
 Metaspace       used 59451K, capacity 62540K, committed 62720K, reserved 1103872K
  class space    used 8031K, capacity 9168K, committed 9216K, reserved 1048576K
Event: 135.762 GC heap after
Heap after GC invocations=16 (full 3):
 PSYoungGen      total 278528K, used 24560K [0x00000000eab00000, 0x0000000100000000, 0x0000000100000000)
  eden space 253952K, 0% used [0x00000000eab00000,0x00000000eab00000,0x00000000fa300000)
  from space 24576K, 99% used [0x00000000fa300000,0x00000000fbafc120,0x00000000fbb00000)
  to   space 28672K, 0% used [0x00000000fe400000,0x00000000fe400000,0x0000000100000000)
 ParOldGen       total 91648K, used 53312K [0x00000000c0000000, 0x00000000c5980000, 0x00000000eab00000)
  object space 91648K, 58% used [0x00000000c0000000,0x00000000c34101a0,0x00000000c5980000)
 Metaspace       used 59451K, capacity 62540K, committed 62720K, reserved 1103872K
  class space    used 8031K, capacity 9168K, committed 9216K, reserved 1048576K
}
Event: 145.961 GC heap before
{Heap before GC invocations=17 (full 3):
 PSYoungGen      total 278528K, used 278512K [0x00000000eab00000, 0x0000000100000000, 0x0000000100000000)
  eden space 253952K, 100% used [0x00000000eab00000,0x00000000fa300000,0x00000000fa300000)
  from space 24576K, 99% used [0x00000000fa300000,0x00000000fbafc120,0x00000000fbb00000)
  to   space 28672K, 0% used [0x00000000fe400000,0x00000000fe400000,0x0000000100000000)
 ParOldGen       total 91648K, used 53312K [0x00000000c0000000, 0x00000000c5980000, 0x00000000eab00000)
  object space 91648K, 58% used [0x00000000c0000000,0x00000000c34101a0,0x00000000c5980000)
 Metaspace       used 65120K, capacity 68814K, committed 68992K, reserved 1107968K
  class space    used 8810K, capacity 10096K, committed 10112K, reserved 1048576K
Event: 146.084 GC heap after
Heap after GC invocations=17 (full 3):
 PSYoungGen      total 303104K, used 28661K [0x00000000eab00000, 0x0000000100000000, 0x0000000100000000)
  eden space 274432K, 0% used [0x00000000eab00000,0x00000000eab00000,0x00000000fb700000)
  from space 28672K, 99% used [0x00000000fe400000,0x00000000ffffd5c0,0x0000000100000000)
  to   space 37376K, 0% used [0x00000000fb700000,0x00000000fb700000,0x00000000fdb80000)
 ParOldGen       total 91648K, used 64207K [0x00000000c0000000, 0x00000000c5980000, 0x00000000eab00000)
  object space 91648K, 70% used [0x00000000c0000000,0x00000000c3eb3f90,0x00000000c5980000)
 Metaspace       used 65120K, capacity 68814K, committed 68992K, reserved 1107968K
  class space    used 8810K, capacity 10096K, committed 10112K, reserved 1048576K
}
Event: 152.976 GC heap before
{Heap before GC invocations=18 (full 3):
 PSYoungGen      total 303104K, used 303093K [0x00000000eab00000, 0x0000000100000000, 0x0000000100000000)
  eden space 274432K, 100% used [0x00000000eab00000,0x00000000fb700000,0x00000000fb700000)
  from space 28672K, 99% used [0x00000000fe400000,0x00000000ffffd5c0,0x0000000100000000)
  to   space 37376K, 0% used [0x00000000fb700000,0x00000000fb700000,0x00000000fdb80000)
 ParOldGen       total 91648K, used 64207K [0x00000000c0000000, 0x00000000c5980000, 0x00000000eab00000)
  object space 91648K, 70% used [0x00000000c0000000,0x00000000c3eb3f90,0x00000000c5980000)
 Metaspace       used 70752K, capacity 74480K, committed 74752K, reserved 1114112K
  class space    used 9181K, capacity 10450K, committed 10496K, reserved 1048576K
Event: 153.086 GC heap after
Heap after GC invocations=18 (full 3):
 PSYoungGen      total 311808K, used 18229K [0x00000000eab00000, 0x0000000100000000, 0x0000000100000000)
  eden space 274432K, 0% used [0x00000000eab00000,0x00000000eab00000,0x00000000fb700000)
  from space 37376K, 48% used [0x00000000fb700000,0x00000000fc8cd6c8,0x00000000fdb80000)
  to   space 36352K, 0% used [0x00000000fdc80000,0x00000000fdc80000,0x0000000100000000)
 ParOldGen       total 93184K, used 92884K [0x00000000c0000000, 0x00000000c5b00000, 0x00000000eab00000)
  object space 93184K, 99% used [0x00000000c0000000,0x00000000c5ab51b8,0x00000000c5b00000)
 Metaspace       used 70752K, capacity 74480K, committed 74752K, reserved 1114112K
  class space    used 9181K, capacity 10450K, committed 10496K, reserved 1048576K
}
Event: 153.087 GC heap before
{Heap before GC invocations=19 (full 4):
 PSYoungGen      total 311808K, used 18229K [0x00000000eab00000, 0x0000000100000000, 0x0000000100000000)
  eden space 274432K, 0% used [0x00000000eab00000,0x00000000eab00000,0x00000000fb700000)
  from space 37376K, 48% used [0x00000000fb700000,0x00000000fc8cd6c8,0x00000000fdb80000)
  to   space 36352K, 0% used [0x00000000fdc80000,0x00000000fdc80000,0x0000000100000000)
 ParOldGen       total 93184K, used 92884K [0x00000000c0000000, 0x00000000c5b00000, 0x00000000eab00000)
  object space 93184K, 99% used [0x00000000c0000000,0x00000000c5ab51b8,0x00000000c5b00000)
 Metaspace       used 70752K, capacity 74480K, committed 74752K, reserved 1114112K
  class space    used 9181K, capacity 10450K, committed 10496K, reserved 1048576K

